[2022-10-03 18:13:05,992: INFO: stage_01_get_data]: 
********************
[2022-10-03 18:13:05,992: INFO: stage_01_get_data]: >>>>> stage stage 01 get data started <<<<<
[2022-10-03 18:13:05,996: INFO: common]: yaml file: configs/config.yaml loaded successfully
[2022-10-03 18:13:05,997: INFO: stage_01_get_data]: >>>>> stage stage 01 get data completed!<<<<<

[2022-10-03 18:28:33,525: INFO: stage_01_get_data]: 
********************
[2022-10-03 18:28:33,526: INFO: stage_01_get_data]: >>>>> stage stage 01 get data started <<<<<
[2022-10-03 18:28:33,530: INFO: common]: yaml file: configs/config.yaml loaded successfully
[2022-10-03 18:28:33,531: ERROR: stage_01_get_data]: 'source_data_url'
Traceback (most recent call last):
  File "D:\AIOPs-project-DVC-NLP--usecase1\src\stage_01_get_data.py", line 49, in <module>
    main(config_path=parsed_args.config)
  File "D:\AIOPs-project-DVC-NLP--usecase1\src\stage_01_get_data.py", line 23, in main
    source_data_url = config["source_data_url"]
KeyError: 'source_data_url'
[2022-10-03 18:29:35,888: INFO: stage_01_get_data]: 
********************
[2022-10-03 18:29:35,888: INFO: stage_01_get_data]: >>>>> stage stage 01 get data started <<<<<
[2022-10-03 18:29:35,891: INFO: common]: yaml file: configs/config.yaml loaded successfully
[2022-10-03 18:29:35,891: ERROR: stage_01_get_data]: 'source_download_dir'
Traceback (most recent call last):
  File "D:\AIOPs-project-DVC-NLP--usecase1\src\stage_01_get_data.py", line 49, in <module>
    main(config_path=parsed_args.config)
  File "D:\AIOPs-project-DVC-NLP--usecase1\src\stage_01_get_data.py", line 25, in main
    local_data_dir = config["source_download_dir"]["data_dir"]
KeyError: 'source_download_dir'
[2022-10-03 18:30:02,510: INFO: stage_01_get_data]: 
********************
[2022-10-03 18:30:02,510: INFO: stage_01_get_data]: >>>>> stage stage 01 get data started <<<<<
[2022-10-03 18:30:02,512: INFO: common]: yaml file: configs/config.yaml loaded successfully
[2022-10-03 18:30:02,512: INFO: common]: created directory at: data
[2022-10-03 18:30:02,767: ERROR: stage_01_get_data]: HTTP Error 404: Not Found
Traceback (most recent call last):
  File "D:\AIOPs-project-DVC-NLP--usecase1\src\stage_01_get_data.py", line 49, in <module>
    main(config_path=parsed_args.config)
  File "D:\AIOPs-project-DVC-NLP--usecase1\src\stage_01_get_data.py", line 29, in main
    filename, headers = req.urlretrieve(source_data_url,local_data_filepath)
  File "C:\Users\Dayanand\anaconda3\lib\urllib\request.py", line 239, in urlretrieve
    with contextlib.closing(urlopen(url, data)) as fp:
  File "C:\Users\Dayanand\anaconda3\lib\urllib\request.py", line 214, in urlopen
    return opener.open(url, data, timeout)
  File "C:\Users\Dayanand\anaconda3\lib\urllib\request.py", line 523, in open
    response = meth(req, response)
  File "C:\Users\Dayanand\anaconda3\lib\urllib\request.py", line 632, in http_response
    response = self.parent.error(
  File "C:\Users\Dayanand\anaconda3\lib\urllib\request.py", line 561, in error
    return self._call_chain(*args)
  File "C:\Users\Dayanand\anaconda3\lib\urllib\request.py", line 494, in _call_chain
    result = func(*args)
  File "C:\Users\Dayanand\anaconda3\lib\urllib\request.py", line 641, in http_error_default
    raise HTTPError(req.full_url, code, msg, hdrs, fp)
urllib.error.HTTPError: HTTP Error 404: Not Found
[2022-10-03 18:49:52,209: INFO: stage_01_get_data]: 
********************
[2022-10-03 18:49:52,209: INFO: stage_01_get_data]: >>>>> stage stage 01 get data started <<<<<
[2022-10-03 18:49:52,210: INFO: common]: yaml file: configs/config.yaml loaded successfully
[2022-10-03 18:49:52,210: INFO: common]: created directory at: data
[2022-10-03 18:50:08,599: INFO: stage_01_get_data]: Download Completed
[2022-10-03 18:50:08,599: INFO: stage_01_get_data]: Download file is present in : data\data.xml
[2022-10-03 18:50:08,603: INFO: stage_01_get_data]: Download headers : x-amz-id-2: t2wWn/GlkUmi3EFCqiysEKDgOTfruXSLGq7EcX1MDa0kSLXOV4MfL22h0KdlTGIHC51ldUPd074=
x-amz-request-id: C0K1WG2ZK658CFYK
Date: Mon, 03 Oct 2022 13:19:54 GMT
Last-Modified: Mon, 03 Oct 2022 13:13:27 GMT
ETag: "bf7eaa28ecc8e7af14695bc914c69427-3"
Content-Disposition: inline
Accept-Ranges: bytes
Content-Type: text/xml
Server: AmazonS3
Content-Length: 37891850
Connection: close


[2022-10-03 18:50:08,607: INFO: stage_01_get_data]: >>>>> stage stage 01 get data completed!<<<<<

[2022-10-03 18:52:54,768: INFO: stage_01_get_data]: 
********************
[2022-10-03 18:52:54,768: INFO: stage_01_get_data]: >>>>> stage stage 01 get data started <<<<<
[2022-10-03 18:52:54,772: INFO: common]: yaml file: configs/config.yaml loaded successfully
[2022-10-03 18:52:54,772: INFO: common]: created directory at: data
[2022-10-03 18:52:54,772: INFO: stage_01_get_data]: Download Started
[2022-10-03 18:53:26,079: INFO: stage_01_get_data]: Download Completed
[2022-10-03 18:53:26,079: INFO: stage_01_get_data]: Download file is present in : data\data.xml
[2022-10-03 18:53:26,080: INFO: stage_01_get_data]: Download headers : x-amz-id-2: 0NHOV/av7X8ml5mFPOKMFwLzxeLdv6hIacuJFO5j0JGH7M3rwqi7ccVeiL6IXU8x9YQw2XMkPoo=
x-amz-request-id: 9XSA0ZAJ7SV36N29
Date: Mon, 03 Oct 2022 13:22:57 GMT
Last-Modified: Mon, 03 Oct 2022 13:13:27 GMT
ETag: "bf7eaa28ecc8e7af14695bc914c69427-3"
Content-Disposition: inline
Accept-Ranges: bytes
Content-Type: text/xml
Server: AmazonS3
Content-Length: 37891850
Connection: close


[2022-10-03 18:53:26,085: INFO: stage_01_get_data]: >>>>> stage stage 01 get data completed!<<<<<

[2022-10-03 18:55:01,572: INFO: stage_01_get_data]: 
********************
[2022-10-03 18:55:01,572: INFO: stage_01_get_data]: >>>>> stage stage 01 get data started <<<<<
[2022-10-03 18:55:01,577: INFO: common]: yaml file: configs/config.yaml loaded successfully
[2022-10-03 18:55:01,577: INFO: common]: created directory at: data
[2022-10-03 18:55:01,577: INFO: stage_01_get_data]: Download Started
[2022-10-03 18:55:30,184: INFO: stage_01_get_data]: Download Completed
[2022-10-03 18:55:30,184: INFO: stage_01_get_data]: Download file is present in : data\data.xml
[2022-10-03 18:55:30,186: INFO: stage_01_get_data]: Download headers : x-amz-id-2: imzZ4dLrJV2VNQQB4rwS1JduAlBbhwz7hOHq5KovOzg+RMF1pbyOWZXcpSFW0vQ9FbRfCi6Vz0c=
x-amz-request-id: KNEF2KPF7NXPS7KY
Date: Mon, 03 Oct 2022 13:25:04 GMT
Last-Modified: Mon, 03 Oct 2022 13:13:27 GMT
ETag: "bf7eaa28ecc8e7af14695bc914c69427-3"
Content-Disposition: inline
Accept-Ranges: bytes
Content-Type: text/xml
Server: AmazonS3
Content-Length: 37891850
Connection: close


[2022-10-03 18:55:30,189: INFO: stage_01_get_data]: >>>>> stage stage 01 get data completed!<<<<<

[2022-10-03 19:12:59,955: INFO: stage_01_get_data]: 
********************
[2022-10-03 19:12:59,955: INFO: stage_01_get_data]: >>>>> stage stage 01 get data started <<<<<
[2022-10-03 19:12:59,961: INFO: common]: yaml file: configs/config.yaml loaded successfully
[2022-10-03 19:12:59,961: INFO: common]: created directory at: data
[2022-10-03 19:12:59,961: INFO: stage_01_get_data]: Download Started
[2022-10-03 19:13:20,041: INFO: stage_01_get_data]: Download Completed
[2022-10-03 19:13:20,041: INFO: stage_01_get_data]: Download file is present in : data\data.xml
[2022-10-03 19:13:20,044: INFO: stage_01_get_data]: Download headers : x-amz-id-2: z0wuQgHJqL3eB9MOQaiphGSMGOgNO7SOyETd5q/e/dTfNPN6HhlsyI+NNSsEWzuLxRr64b9ADX4=
x-amz-request-id: A9T9S6WCNVVE600D
Date: Mon, 03 Oct 2022 13:43:02 GMT
Last-Modified: Mon, 03 Oct 2022 13:13:27 GMT
ETag: "bf7eaa28ecc8e7af14695bc914c69427-3"
Content-Disposition: inline
Accept-Ranges: bytes
Content-Type: text/xml
Server: AmazonS3
Content-Length: 37891850
Connection: close


[2022-10-03 19:13:20,048: INFO: stage_01_get_data]: >>>>> stage stage 01 get data completed!<<<<<

[2022-10-03 19:14:21,821: INFO: stage_01_get_data]: 
********************
[2022-10-03 19:14:21,821: INFO: stage_01_get_data]: >>>>> stage stage 01 get data started <<<<<
[2022-10-03 19:14:21,831: INFO: common]: yaml file: configs/config.yaml loaded successfully
[2022-10-03 19:14:21,831: INFO: common]: created directory at: data
[2022-10-03 19:14:21,831: INFO: stage_01_get_data]: Download Started
[2022-10-03 19:14:45,720: INFO: stage_01_get_data]: Download Completed
[2022-10-03 19:14:45,720: INFO: stage_01_get_data]: Download file is present in : data\data.xml
[2022-10-03 19:14:45,722: INFO: stage_01_get_data]: Download headers : x-amz-id-2: AsNgQ1qvG0EzVxLX9uZIl3UdV8jPjbmb4QJUaE9gGQA2t83teXPLN1YhMajPEiFbW1yk6LgS68M=
x-amz-request-id: 0X1ZGTH3WJE9S48K
Date: Mon, 03 Oct 2022 13:44:24 GMT
Last-Modified: Mon, 03 Oct 2022 13:13:27 GMT
ETag: "bf7eaa28ecc8e7af14695bc914c69427-3"
Content-Disposition: inline
Accept-Ranges: bytes
Content-Type: text/xml
Server: AmazonS3
Content-Length: 37891850
Connection: close


[2022-10-03 19:14:45,727: INFO: stage_01_get_data]: >>>>> stage stage 01 get data completed!<<<<<

[2022-10-03 19:15:05,106: INFO: stage_01_get_data]: 
********************
[2022-10-03 19:15:05,106: INFO: stage_01_get_data]: >>>>> stage stage 01 get data started <<<<<
[2022-10-03 19:15:05,107: INFO: common]: yaml file: configs/config.yaml loaded successfully
[2022-10-03 19:15:05,107: INFO: common]: created directory at: data
[2022-10-03 19:15:05,107: INFO: stage_01_get_data]: Download Started
[2022-10-03 19:15:35,701: INFO: stage_01_get_data]: Download Completed
[2022-10-03 19:15:35,701: INFO: stage_01_get_data]: Download file is present in : data\data.xml
[2022-10-03 19:15:35,704: INFO: stage_01_get_data]: Download headers : x-amz-id-2: OsqtlBbl6LVOwvSZ1fu2Q9yq27Mox0ZZUznzu45t2ZmzAIdbroD2W9m9EYCiVen8twl+45Hov1w=
x-amz-request-id: D4RTKMR5GBGTNS2D
Date: Mon, 03 Oct 2022 13:45:07 GMT
Last-Modified: Mon, 03 Oct 2022 13:13:27 GMT
ETag: "bf7eaa28ecc8e7af14695bc914c69427-3"
Content-Disposition: inline
Accept-Ranges: bytes
Content-Type: text/xml
Server: AmazonS3
Content-Length: 37891850
Connection: close


[2022-10-03 19:15:35,707: INFO: stage_01_get_data]: >>>>> stage stage 01 get data completed!<<<<<

[2022-10-03 19:23:15,115: INFO: stage_01_get_data]: 
********************
[2022-10-03 19:23:15,115: INFO: stage_01_get_data]: >>>>> stage stage 01 get data started <<<<<
[2022-10-03 19:23:15,119: INFO: common]: yaml file: configs/config.yaml loaded successfully
[2022-10-03 19:23:15,119: INFO: common]: created directory at: data
[2022-10-03 19:23:15,119: INFO: stage_01_get_data]: Download Started
[2022-10-03 19:23:37,499: INFO: stage_01_get_data]: Download Completed
[2022-10-03 19:23:37,499: INFO: stage_01_get_data]: Download file is present in : data\data.xml
[2022-10-03 19:23:37,501: INFO: stage_01_get_data]: Download headers : x-amz-id-2: /D4saXAOCtq3um5HJg7Oea9WOqRfByJR6AJNmd2vI5hMeDhicomY8SHUT9m60nthpCKwwWLjqZI=
x-amz-request-id: 9YFACKESMRTSZX47
Date: Mon, 03 Oct 2022 13:53:17 GMT
Last-Modified: Mon, 03 Oct 2022 13:13:27 GMT
ETag: "bf7eaa28ecc8e7af14695bc914c69427-3"
Content-Disposition: inline
Accept-Ranges: bytes
Content-Type: text/xml
Server: AmazonS3
Content-Length: 37891850
Connection: close


[2022-10-03 19:23:37,505: INFO: stage_01_get_data]: >>>>> stage stage 01 get data completed!<<<<<

[2022-10-04 12:10:12,183: INFO: stage_04_train]: 
********************
[2022-10-04 12:10:12,183: INFO: stage_04_train]: >>>>> stage STAGE_NAME started <<<<<
[2022-10-04 12:10:12,189: INFO: common]: yaml file: configs/config.yaml loaded successfully
[2022-10-04 12:10:12,190: INFO: common]: yaml file: params.yaml loaded successfully
[2022-10-04 12:10:12,190: INFO: stage_04_train]: >>>>> stage STAGE_NAME completed!<<<<<

[2022-10-04 12:11:23,431: INFO: stage_04_train]: 
********************
[2022-10-04 12:11:23,431: INFO: stage_04_train]: >>>>> stage stage 04 Training started <<<<<
[2022-10-04 12:11:23,432: INFO: common]: yaml file: configs/config.yaml loaded successfully
[2022-10-04 12:11:23,432: INFO: common]: yaml file: params.yaml loaded successfully
[2022-10-04 12:11:23,432: ERROR: stage_04_train]: 'MODEL_DIR'
Traceback (most recent call last):
  File "D:\AIOPs-project-DVC-NLP--usecase1\src\stage_04_train.py", line 55, in <module>
    main(config_path=parsed_args.config, params_path=parsed_args.params)
  File "D:\AIOPs-project-DVC-NLP--usecase1\src\stage_04_train.py", line 34, in main
    model_path = os.path.join(artifacts["ARTIFACTS_DIR"],artifacts["MODEL_DIR"])
KeyError: 'MODEL_DIR'
[2022-10-04 12:11:42,941: INFO: stage_04_train]: 
********************
[2022-10-04 12:11:42,941: INFO: stage_04_train]: >>>>> stage stage 04 Training started <<<<<
[2022-10-04 12:11:42,944: INFO: common]: yaml file: configs/config.yaml loaded successfully
[2022-10-04 12:11:42,944: INFO: common]: yaml file: params.yaml loaded successfully
[2022-10-04 12:11:43,018: INFO: stage_04_train]: input matrix size: (17536, 2)
[2022-10-04 12:11:43,018: INFO: stage_04_train]: X size: (17536, 0)
[2022-10-04 12:11:43,018: INFO: stage_04_train]: y size: (17536,)
[2022-10-04 12:11:43,018: INFO: stage_04_train]: >>>>> stage stage 04 Training completed!<<<<<

[2022-10-04 12:14:14,147: INFO: stage_04_train]: 
********************
[2022-10-04 12:14:14,147: INFO: stage_04_train]: >>>>> stage stage 04 Training started <<<<<
[2022-10-04 12:14:14,148: INFO: common]: yaml file: configs/config.yaml loaded successfully
[2022-10-04 12:14:14,148: INFO: common]: yaml file: params.yaml loaded successfully
[2022-10-04 12:14:14,208: INFO: stage_04_train]: input matrix size: (17536, 2)
[2022-10-04 12:14:14,208: INFO: stage_04_train]: X size: (17536, 0)
[2022-10-04 12:14:14,208: INFO: stage_04_train]: y size: (17536,)
[2022-10-04 12:14:14,208: INFO: stage_04_train]: >>>>> stage stage 04 Training completed!<<<<<

[2022-10-04 12:15:38,452: INFO: stage_01_get_data]: 
********************
[2022-10-04 12:15:38,452: INFO: stage_01_get_data]: >>>>> stage stage 01 get data started <<<<<
[2022-10-04 12:15:38,453: INFO: common]: yaml file: configs/config.yaml loaded successfully
[2022-10-04 12:15:38,453: INFO: common]: created directory at: data
[2022-10-04 12:15:38,453: INFO: stage_01_get_data]: Download Started
[2022-10-04 12:15:51,639: INFO: stage_01_get_data]: Download Completed
[2022-10-04 12:15:51,639: INFO: stage_01_get_data]: Download file is present in : data\data.xml
[2022-10-04 12:15:51,644: INFO: stage_01_get_data]: Download headers : x-amz-id-2: +IMG0+eaEtpYyeUiYXoHXvuwnyiJGLp32RP/OuTFtLC8YdTCPIKdV+poNqZi5gJ3I05RvJeVFqY=
x-amz-request-id: PYB9DB13Z8BEZJ8S
Date: Tue, 04 Oct 2022 06:45:40 GMT
Last-Modified: Mon, 03 Oct 2022 13:13:27 GMT
ETag: "bf7eaa28ecc8e7af14695bc914c69427-3"
Content-Disposition: inline
Accept-Ranges: bytes
Content-Type: text/xml
Server: AmazonS3
Content-Length: 37891850
Connection: close


[2022-10-04 12:15:51,644: INFO: stage_01_get_data]: >>>>> stage stage 01 get data completed!<<<<<

[2022-10-04 12:15:55,142: INFO: stage_02_prepare]: 
********************
[2022-10-04 12:15:55,143: INFO: stage_02_prepare]: >>>>> stage stage 02 prepare data started <<<<<
[2022-10-04 12:15:55,143: INFO: common]: yaml file: configs/config.yaml loaded successfully
[2022-10-04 12:15:55,143: INFO: common]: yaml file: params.yaml loaded successfully
[2022-10-04 12:15:55,143: INFO: common]: created directory at: artifacts\prepared
[2022-10-04 12:15:59,596: INFO: stage_02_prepare]: >>>>> stage stage 02 prepare data completed!<<<<<

[2022-10-04 12:16:04,995: INFO: stage_03_featurization]: 
********************
[2022-10-04 12:16:04,995: INFO: stage_03_featurization]: >>>>> stage stage 03 featurization started <<<<<
[2022-10-04 12:16:04,996: INFO: common]: yaml file: configs/config.yaml loaded successfully
[2022-10-04 12:16:04,996: INFO: common]: yaml file: params.yaml loaded successfully
[2022-10-04 12:16:04,996: INFO: common]: created directory at: artifacts\features
[2022-10-04 12:16:06,346: INFO: common]: the input data frame artifacts\prepared\train.tsv size is (17536, 3)

[2022-10-04 12:16:22,644: INFO: featurize]: the output matrix saved at: artifacts\features\train.pkl of size: (17536, 2) and datatype: int64
[2022-10-04 12:16:23,312: INFO: common]: the input data frame artifacts\prepared\test.tsv size is (7464, 3)

[2022-10-04 12:16:25,583: INFO: featurize]: the output matrix saved at: artifacts\features\test.pkl of size: (7464, 2) and datatype: int64
[2022-10-04 12:16:25,958: INFO: stage_03_featurization]: >>>>> stage stage 03 featurization completed!<<<<<

[2022-10-04 12:20:40,861: INFO: stage_04_train]: 
********************
[2022-10-04 12:20:40,861: INFO: stage_04_train]: >>>>> stage stage 04 Training started <<<<<
[2022-10-04 12:20:40,865: INFO: common]: yaml file: configs/config.yaml loaded successfully
[2022-10-04 12:20:40,867: INFO: common]: yaml file: params.yaml loaded successfully
[2022-10-04 12:20:40,931: INFO: stage_04_train]: input matrix size: (17536, 2)
[2022-10-04 12:20:40,931: INFO: stage_04_train]: X size: (17536, 0)
[2022-10-04 12:20:40,931: INFO: stage_04_train]: y size: (17536,)
[2022-10-04 12:20:40,931: INFO: stage_04_train]: >>>>> stage stage 04 Training completed!<<<<<

[2022-10-04 12:24:56,138: INFO: stage_04_train]: 
********************
[2022-10-04 12:24:56,138: INFO: stage_04_train]: >>>>> stage stage 04 Training started <<<<<
[2022-10-04 12:24:56,148: INFO: common]: yaml file: configs/config.yaml loaded successfully
[2022-10-04 12:24:56,150: INFO: common]: yaml file: params.yaml loaded successfully
[2022-10-04 12:24:56,217: INFO: stage_04_train]: input matrix size: (17536, 2)
[2022-10-04 12:24:56,217: INFO: stage_04_train]: X size: (17536, 0)
[2022-10-04 12:24:56,217: INFO: stage_04_train]: y size: (17536,)
[2022-10-04 12:24:56,217: INFO: stage_04_train]: >>>>> stage stage 04 Training completed!<<<<<

[2022-10-04 12:25:14,577: INFO: stage_04_train]: 
********************
[2022-10-04 12:25:14,577: INFO: stage_04_train]: >>>>> stage stage 04 Training started <<<<<
[2022-10-04 12:25:14,578: INFO: common]: yaml file: configs/config.yaml loaded successfully
[2022-10-04 12:25:14,584: INFO: common]: yaml file: params.yaml loaded successfully
[2022-10-04 12:25:14,585: INFO: common]: created directory at: artifacts\model
[2022-10-04 12:25:14,651: INFO: stage_04_train]: input matrix size: (17536, 2)
[2022-10-04 12:25:14,651: INFO: stage_04_train]: X size: (17536, 0)
[2022-10-04 12:25:14,651: INFO: stage_04_train]: y size: (17536,)
[2022-10-04 12:25:14,651: INFO: stage_04_train]: >>>>> stage stage 04 Training completed!<<<<<

[2022-10-04 12:29:30,722: INFO: stage_04_train]: 
********************
[2022-10-04 12:29:30,722: INFO: stage_04_train]: >>>>> stage stage 04 Training started <<<<<
[2022-10-04 12:29:30,723: INFO: common]: yaml file: configs/config.yaml loaded successfully
[2022-10-04 12:29:30,723: INFO: common]: yaml file: params.yaml loaded successfully
[2022-10-04 12:29:30,723: INFO: common]: created directory at: artifacts\model
[2022-10-04 12:29:30,799: INFO: stage_04_train]: input matrix size: (17536, 2)
[2022-10-04 12:29:30,799: INFO: stage_04_train]: X size: (17536, 0)
[2022-10-04 12:29:30,800: INFO: stage_04_train]: y size: (17536,)
[2022-10-04 12:29:30,800: INFO: stage_04_train]: >>>>> stage stage 04 Training completed!<<<<<

[2022-10-04 12:32:27,779: INFO: stage_04_train]: 
********************
[2022-10-04 12:32:27,779: INFO: stage_04_train]: >>>>> stage stage 04 Training started <<<<<
[2022-10-04 12:32:27,780: INFO: common]: yaml file: configs/config.yaml loaded successfully
[2022-10-04 12:32:27,780: INFO: common]: yaml file: params.yaml loaded successfully
[2022-10-04 12:32:27,780: INFO: common]: created directory at: artifacts\model
[2022-10-04 12:32:27,834: INFO: stage_04_train]: input matrix size: (17536, 2)
[2022-10-04 12:32:27,834: INFO: stage_04_train]: X size: (17536, 0)
[2022-10-04 12:32:27,834: INFO: stage_04_train]: y size: (17536,)
[2022-10-04 12:32:27,834: INFO: stage_04_train]: >>>>> stage stage 04 Training completed!<<<<<

[2022-10-04 12:34:24,243: INFO: stage_03_featurization]: 
********************
[2022-10-04 12:34:24,243: INFO: stage_03_featurization]: >>>>> stage stage 03 featurization started <<<<<
[2022-10-04 12:34:24,244: INFO: common]: yaml file: configs/config.yaml loaded successfully
[2022-10-04 12:34:24,244: INFO: common]: yaml file: params.yaml loaded successfully
[2022-10-04 12:34:24,244: INFO: common]: created directory at: artifacts\features
[2022-10-04 12:34:24,545: INFO: common]: the input data frame artifacts\prepared\train.tsv size is (17536, 3)

[2022-10-04 12:34:38,408: INFO: featurize]: The output matrix saved at: artifacts\features\train.pkl of the size: (17536, 3002) and data type: float64
[2022-10-04 12:34:38,521: INFO: common]: the input data frame artifacts\prepared\test.tsv size is (7464, 3)

[2022-10-04 12:34:40,736: INFO: featurize]: The output matrix saved at: artifacts\features\test.pkl of the size: (7464, 3002) and data type: float64
[2022-10-04 12:34:41,115: INFO: stage_03_featurization]: >>>>> stage stage 03 featurization completed!<<<<<

[2022-10-04 12:34:48,694: INFO: stage_04_train]: 
********************
[2022-10-04 12:34:48,694: INFO: stage_04_train]: >>>>> stage stage 04 Training started <<<<<
[2022-10-04 12:34:48,701: INFO: common]: yaml file: configs/config.yaml loaded successfully
[2022-10-04 12:34:48,701: INFO: common]: yaml file: params.yaml loaded successfully
[2022-10-04 12:34:48,701: INFO: common]: created directory at: artifacts\model
[2022-10-04 12:34:48,796: INFO: stage_04_train]: input matrix size: (17536, 3002)
[2022-10-04 12:34:48,796: INFO: stage_04_train]: X size: (17536, 3000)
[2022-10-04 12:34:48,796: INFO: stage_04_train]: y size: (17536,)
[2022-10-04 12:34:48,799: INFO: stage_04_train]: >>>>> stage stage 04 Training completed!<<<<<

[2022-10-04 12:43:23,104: INFO: stage_04_train]: 
********************
[2022-10-04 12:43:23,104: INFO: stage_04_train]: >>>>> stage stage 04 Training started <<<<<
[2022-10-04 12:43:23,105: INFO: common]: yaml file: configs/config.yaml loaded successfully
[2022-10-04 12:43:23,105: INFO: common]: yaml file: params.yaml loaded successfully
[2022-10-04 12:43:23,105: INFO: common]: created directory at: artifacts\model
[2022-10-04 12:43:23,123: INFO: stage_04_train]: input matrix size: (17536, 3002)
[2022-10-04 12:43:23,123: INFO: stage_04_train]: X size: (17536, 3000)
[2022-10-04 12:43:23,123: INFO: stage_04_train]: y size: (17536,)
[2022-10-04 12:43:23,123: ERROR: stage_04_train]: 'train'
Traceback (most recent call last):
  File "D:\AIOPs-project-DVC-NLP--usecase1\src\stage_04_train.py", line 66, in <module>
    main(config_path=parsed_args.config, params_path=parsed_args.params)
  File "D:\AIOPs-project-DVC-NLP--usecase1\src\stage_04_train.py", line 46, in main
    seed = params["train"]["seed"]
KeyError: 'train'
[2022-10-04 12:43:53,190: INFO: stage_04_train]: 
********************
[2022-10-04 12:43:53,190: INFO: stage_04_train]: >>>>> stage stage 04 Training started <<<<<
[2022-10-04 12:43:53,196: INFO: common]: yaml file: configs/config.yaml loaded successfully
[2022-10-04 12:43:53,199: INFO: common]: yaml file: params.yaml loaded successfully
[2022-10-04 12:43:53,199: INFO: common]: created directory at: artifacts\model
[2022-10-04 12:43:53,218: INFO: stage_04_train]: input matrix size: (17536, 3002)
[2022-10-04 12:43:53,218: INFO: stage_04_train]: X size: (17536, 3000)
[2022-10-04 12:43:53,218: INFO: stage_04_train]: y size: (17536,)
[2022-10-04 12:43:53,218: ERROR: stage_04_train]: __init__() got an unexpected keyword argument 'random_sat'
Traceback (most recent call last):
  File "D:\AIOPs-project-DVC-NLP--usecase1\src\stage_04_train.py", line 66, in <module>
    main(config_path=parsed_args.config, params_path=parsed_args.params)
  File "D:\AIOPs-project-DVC-NLP--usecase1\src\stage_04_train.py", line 50, in main
    model = RandomForestClassifier(
TypeError: __init__() got an unexpected keyword argument 'random_sat'
[2022-10-04 12:44:25,937: INFO: stage_04_train]: 
********************
[2022-10-04 12:44:25,937: INFO: stage_04_train]: >>>>> stage stage 04 Training started <<<<<
[2022-10-04 12:44:25,939: INFO: common]: yaml file: configs/config.yaml loaded successfully
[2022-10-04 12:44:25,939: INFO: common]: yaml file: params.yaml loaded successfully
[2022-10-04 12:44:25,939: INFO: common]: created directory at: artifacts\model
[2022-10-04 12:44:25,960: INFO: stage_04_train]: input matrix size: (17536, 3002)
[2022-10-04 12:44:25,960: INFO: stage_04_train]: X size: (17536, 3000)
[2022-10-04 12:44:25,960: INFO: stage_04_train]: y size: (17536,)
[2022-10-04 12:44:29,620: ERROR: stage_04_train]: [Errno 13] Permission denied: 'artifacts\\model'
Traceback (most recent call last):
  File "D:\AIOPs-project-DVC-NLP--usecase1\src\stage_04_train.py", line 66, in <module>
    main(config_path=parsed_args.config, params_path=parsed_args.params)
  File "D:\AIOPs-project-DVC-NLP--usecase1\src\stage_04_train.py", line 54, in main
    joblib.dump(model, model_dir_path)
  File "C:\Users\Dayanand\anaconda3\lib\site-packages\joblib\numpy_pickle.py", line 481, in dump
    with open(filename, 'wb') as f:
PermissionError: [Errno 13] Permission denied: 'artifacts\\model'
[2022-10-04 12:47:31,980: INFO: stage_04_train]: 
********************
[2022-10-04 12:47:31,980: INFO: stage_04_train]: >>>>> stage stage 04 Training started <<<<<
[2022-10-04 12:47:31,981: INFO: common]: yaml file: configs/config.yaml loaded successfully
[2022-10-04 12:47:31,981: INFO: common]: yaml file: params.yaml loaded successfully
[2022-10-04 12:47:31,981: INFO: common]: created directory at: artifacts\model
[2022-10-04 12:47:31,999: INFO: stage_04_train]: input matrix size: (17536, 3002)
[2022-10-04 12:47:31,999: INFO: stage_04_train]: X size: (17536, 3000)
[2022-10-04 12:47:31,999: INFO: stage_04_train]: y size: (17536,)
[2022-10-04 12:47:35,811: INFO: stage_04_train]: >>>>> stage stage 04 Training completed!<<<<<

[2022-10-04 12:48:26,223: INFO: stage_04_train]: 
********************
[2022-10-04 12:48:26,223: INFO: stage_04_train]: >>>>> stage stage 04 Training started <<<<<
[2022-10-04 12:48:26,225: INFO: common]: yaml file: configs/config.yaml loaded successfully
[2022-10-04 12:48:26,225: INFO: common]: yaml file: params.yaml loaded successfully
[2022-10-04 12:48:26,225: INFO: common]: created directory at: artifacts\model
[2022-10-04 12:48:26,243: INFO: stage_04_train]: input matrix size: (17536, 3002)
[2022-10-04 12:48:26,243: INFO: stage_04_train]: X size: (17536, 3000)
[2022-10-04 12:48:26,243: INFO: stage_04_train]: y size: (17536,)
[2022-10-04 12:48:30,015: INFO: stage_04_train]: >>>>> stage stage 04 Training completed!<<<<<

[2022-10-04 12:50:26,631: INFO: stage_04_train]: 
********************
[2022-10-04 12:50:26,631: INFO: stage_04_train]: >>>>> stage stage 04 Training started <<<<<
[2022-10-04 12:50:26,632: INFO: common]: yaml file: configs/config.yaml loaded successfully
[2022-10-04 12:50:26,632: INFO: common]: yaml file: params.yaml loaded successfully
[2022-10-04 12:50:26,632: INFO: common]: created directory at: artifacts\model
[2022-10-04 12:50:26,648: INFO: stage_04_train]: input matrix size: (17536, 3002)
[2022-10-04 12:50:26,648: INFO: stage_04_train]: X size: (17536, 3000)
[2022-10-04 12:50:26,648: INFO: stage_04_train]: y size: (17536,)
[2022-10-04 12:50:31,202: INFO: stage_04_train]: model is trained and saved at: artifacts\model.pkl
[2022-10-04 12:50:31,202: INFO: stage_04_train]: >>>>> stage stage 04 Training completed!<<<<<

[2022-10-04 12:53:48,408: INFO: stage_04_train]: 
********************
[2022-10-04 12:53:48,408: INFO: stage_04_train]: >>>>> stage stage 04 Training started <<<<<
[2022-10-04 12:53:48,410: INFO: common]: yaml file: configs/config.yaml loaded successfully
[2022-10-04 12:53:48,410: INFO: common]: yaml file: params.yaml loaded successfully
[2022-10-04 12:53:48,410: INFO: common]: created directory at: artifacts\model
[2022-10-04 12:53:48,425: INFO: stage_04_train]: input matrix size: (17536, 3002)
[2022-10-04 12:53:48,425: INFO: stage_04_train]: X size: (17536, 3000)
[2022-10-04 12:53:48,425: INFO: stage_04_train]: y size: (17536,)
[2022-10-04 12:53:52,358: INFO: stage_04_train]: model is trained and saved at: artifacts\model\model.pkl
[2022-10-04 12:53:52,358: INFO: stage_04_train]: >>>>> stage stage 04 Training completed!<<<<<

